<?xml version="1.0" encoding="UTF-8"?>
<testng-results ignored="0" total="1" passed="1" failed="0" skipped="0">
  <reporter-output>
  </reporter-output>
  <suite started-at="2025-07-16T18:55:10 IST" name="Default suite" finished-at="2025-07-16T18:55:15 IST" duration-ms="4790">
    <groups>
    </groups>
    <test started-at="2025-07-16T18:55:10 IST" name="Default test" finished-at="2025-07-16T18:55:15 IST" duration-ms="4790">
      <class name="Test_Package.Test1">
        <test-method signature="a()[pri:0, instance:Test_Package.Test1@1fa121e2]" started-at="2025-07-16T18:55:10 IST" name="a" finished-at="2025-07-16T18:55:15 IST" duration-ms="4719" status="PASS">
          <reporter-output>
          </reporter-output>
        </test-method> <!-- a -->
      </class> <!-- Test_Package.Test1 -->
    </test> <!-- Default test -->
  </suite> <!-- Default suite -->
</testng-results>
